
GET /api/contacts 13-09-2023_08:28:39
GET /api/contacts/qdggE76Jtbfd9eWJHrssH 13-09-2023_08:46:56
GET /api/contacts/qdggE76Jtbfd9eWJHrss 13-09-2023_08:47:19
GET /api/contactsqdggE76Jtbfd9eWJHrssH 13-09-2023_08:48:01
GET /api/contactsqdggE76Jtbfd9eWJHrssH 13-09-2023_08:48:10
GET /api/qdggE76Jtbfd9eWJHrssH 13-09-2023_08:48:32
GET /api/contacts/qdggE76Jtbfd9eWJHrssH 13-09-2023_08:48:50
GET /api/contacts/drsAJ4SHPYqZeG-83QTVW 13-09-2023_08:49:09
DELETE /api/contacts/drsAJ4SHPYqZeG-83QTV 13-09-2023_08:56:37
DELETE /api/contacts/drsAJ4SHPYqZeG-83QTV 13-09-2023_08:56:56
DELETE /api/contacts/AeHIrLTr6JkxGE6SN-0Rw 13-09-2023_08:57:16
PUT /api/contacts/drsAJ4SHPYqZeG-83QTVW 13-09-2023_09:05:57
PUT /api/contacts/drsAJ4SHPYqZeG-83QTVW 13-09-2023_09:09:29
PUT /api/contacts/drsAJ4SHPYqZeG-83QTVW 13-09-2023_09:09:50
PUT /api/contacts/drsAJ4SHPYqZeG-83QTVW 13-09-2023_09:11:30
PUT /api/contacts/drsAJ4SHPYqZeG-83QTVW 13-09-2023_09:12:29
PUT /api/contacts/drsAJ4SHPYqZeG-83QTVW 13-09-2023_09:15:01
PUT /api/contacts/drsAJ4SHPYqZeG-83QTVW 13-09-2023_09:17:33
PUT /api/contacts/drsAJ4SHPYqZeG-83QTVW 13-09-2023_09:18:56
PUT /api/contacts/drsAJ4SHPYqZeG-83QTVW 13-09-2023_09:19:55
PUT /api/contacts/drsAJ4SHPYqZeG-83QTVW 13-09-2023_09:20:17
PUT /api/contacts/drsAJ4SHPYqZeG-83QTVW 13-09-2023_09:20:36
PUT /api/contacts/drsAJ4SHPYqZeG-83QTVW 13-09-2023_09:22:53
PUT /api/contacts/vza2RIzNGIwutCVCs4mCL 13-09-2023_09:24:21
PUT /api/contacts/vza2RIzNGIwutCVCs4mCL 13-09-2023_09:27:07
PUT /api/contacts/vza2RIzNGIwutCVCs4mCL 13-09-2023_09:27:39
PUT /api/contacts/vza2RIzNGIwutCVCs4mCL 13-09-2023_09:28:31
PUT /api/contacts/05olLMgyVQdWRwgKfg5J6 13-09-2023_09:28:56
PUT /api/contacts/05olLMgyVQdWRwgKfg5J6 13-09-2023_09:32:17
PUT /api/contacts/05olLMgyVQdWRwgKfg5J6 13-09-2023_09:32:33
PUT /api/contacts/05olLMgyVQdWRwgKfg5J6 13-09-2023_09:32:54
PUT /api/contacts/05olLMgyVQdWRwgKfg5J6 13-09-2023_09:37:36
PUT /api/contacts/05olLMgyVQdWRwgKfg5J6 13-09-2023_09:39:27
PUT /api/contacts/05olLMgyVQdWRwgKfg5J6 13-09-2023_09:40:40
PUT /api/contacts/05olLMgyVQdWRwgKfg5J6 13-09-2023_09:43:30
PUT /api/contacts/05olLMgyVQdWRwgKfg5J6 13-09-2023_09:44:46
PUT /api/contacts/05olLMgyVQdWRwgKfg5J6 13-09-2023_09:44:54
PUT /api/contacts/05olLMgyVQdWRwgKfg5J6 13-09-2023_09:45:45
PUT /api/contacts/05olLMgyVQdWRwgKfg5J6 13-09-2023_09:46:05
PUT /api/contacts/05olLMgyVQdWRwgKfg5J6 13-09-2023_09:54:56
PUT /api/contacts/05olLMgyVQdWRwgKfg5J6 13-09-2023_09:55:49
PUT /api/contacts/05olLMgyVQdWRwgKfg5J6 13-09-2023_09:58:01
PUT /api/contacts/05olLMgyVQdWRwgKfg5J6 13-09-2023_09:58:20
PUT /api/contacts/05olLMgyVQdWRwgKfg5J6 13-09-2023_09:59:51
PUT /api/contacts/05olLMgyVQdWRwgKfg5J6 13-09-2023_10:02:22
PUT /api/contacts/05olLMgyVQdWRwgKfg5J6 13-09-2023_10:02:55
PUT /api/contacts/05olLMgyVQdWRwgKfg5J6 13-09-2023_10:03:29
PUT /api/contacts/05olLMgyVQdWRwgKfg5J6 13-09-2023_10:05:02
PUT /api/contacts/05olLMgyVQdWRwgKfg5J6 13-09-2023_10:06:30
PUT /api/contacts/05olLMgyVQdWRwgKfg5J6 13-09-2023_10:07:14
PUT /api/contacts/05olLMgyVQdWRwgKfg5J6 13-09-2023_10:07:30
PUT /api/contacts/05olLMgyVQdWRwgKfg5J6 13-09-2023_10:27:57
PUT /api/contacts/05olLMgyVQdWRwgKfg5J6 13-09-2023_10:28:43
PUT /api/contacts/05olLMgyVQdWRwgKfg5J6 13-09-2023_10:30:23
PUT /api/contacts/1DEXoP8AuCGYc1YgoQ6hw 13-09-2023_10:34:11
PUT /api/contacts/05olLMgyVQdWRwgKfg5J6 13-09-2023_10:34:58
PUT /api/contacts/qdggE76Jtbfd9eWJHrssH 13-09-2023_10:35:59
PUT /api/contacts/qdggE76Jtbfd9eWJHrssH 13-09-2023_10:36:20
PUT /api/contacts/qdggE76Jtbfd9eWJHrssH 13-09-2023_10:38:44
PUT /api/contacts/qdggE76Jtbfd9eWJHrssH 13-09-2023_10:39:04
PUT /api/contacts/qdggE76Jtbfd9eWJHrssH 13-09-2023_10:39:39
PUT /api/contacts/qdggE76Jtbfd9eWJHrssH 13-09-2023_10:39:42
PUT /api/contacts/qdggE76Jtbfd9eWJHrssH 13-09-2023_10:39:52
PUT /api/contacts/qdggE76Jtbfd9eWJHrss 13-09-2023_10:40:03
PUT /api/contacts/qdggE76Jtbfd9eWJHrssH 13-09-2023_10:40:08
PUT /api/contacts/Z5sbDlS7pCzNsnAHLtDJd 13-09-2023_10:43:01
PUT /api/contacts/Z5sbDlS7pCzNsnAHLtDJd 13-09-2023_10:43:39
PUT /api/contacts/Z5sbDlS7pCzNsnAHLtDJd 13-09-2023_10:44:23
PUT /api/contacts/Z5sbDlS7pCzNsnAHLtDJd 13-09-2023_10:45:02
PUT /api/contacts/Z5sbDlS7pCzNsnAHLtDJd 13-09-2023_10:45:15
PUT /api/contacts/C9sjBfCo4UJCWjzBnOtxl 13-09-2023_10:47:24
PUT /api/contacts/C9sjBfCo4UJCWjzBnOtxl 13-09-2023_10:47:35
PUT /api/contacts/C9sjBfCo4UJCWjzBnOtxl 13-09-2023_10:48:51
PUT /api/contacts/C9sjBfCo4UJCWjzBnOtxl 13-09-2023_10:55:47
PUT /api/contacts/C9sjBfCo4UJCWjzBnOtxl 13-09-2023_10:55:56
PUT /api/contacts/C9sjBfCo4UJCWjzBnOtx 13-09-2023_10:57:16
PUT /api/contacts/C9sjBfCo4UJCWjzBnO 13-09-2023_10:57:39
PUT /api/contacts/C9sjBfCo4UJCWjzBnO 13-09-2023_10:58:23
GET /api/contacts 14-09-2023_02:47:25
GET /api/contacts/1DEXoP8AuCGYc1YgoQ6hw 14-09-2023_02:52:22
GET /api/contacts/1DEXoP8AuCGYc1YgoQ6h 14-09-2023_02:57:40
GET /api/contacts/1DEXoP8AuCGYc1YgoQ6h 14-09-2023_03:04:10
POST /api/contacts/1DEXoP8AuCGYc1YgoQ6h 14-09-2023_05:32:32
POST /api/contacts 14-09-2023_05:32:50
POST /api/contacts 14-09-2023_05:53:05
POST /api/contacts 14-09-2023_05:53:52
POST /api/contacts 14-09-2023_05:57:19
POST /api/contacts 14-09-2023_05:59:22
POST /api/contacts 14-09-2023_06:10:28
POST /api/contacts 14-09-2023_06:14:12
POST /api/contacts 14-09-2023_06:16:14
POST /api/contacts 14-09-2023_06:17:02
POST /api/contacts 14-09-2023_06:17:31
POST /api/contacts 14-09-2023_06:17:48
POST /api/contacts 14-09-2023_06:19:53
POST /api/contacts 14-09-2023_06:20:02
PUT /api/contacts/0fV8D10OajgMP3_m_19D5 14-09-2023_06:33:51
DELETE /api/contacts/0fV8D10OajgMP3_m_19D5 14-09-2023_06:34:50
DELETE /api/contacts 14-09-2023_07:33:06
DELETE /api/contacts 14-09-2023_07:33:40
DELETE /api/contacts 14-09-2023_07:34:04
DELETE /api/ 14-09-2023_07:34:23
DELETE /api/contacts 14-09-2023_07:34:31
GET /api/contacts 14-09-2023_07:34:36
PUT /api/contacts/qdggE76Jtbfd9eWJHrssH 14-09-2023_07:34:52
PUT /api/contacts 15-09-2023_01:05:07
PUT /api/contacts 15-09-2023_01:06:01
GET /api/contacts 15-09-2023_01:06:10
PUT /api/contacts/1DEXoP8AuCGYc1YgoQ6hw 15-09-2023_01:06:56
GET /api/contacts/1DEXoP8AuCGYc1YgoQ6hw 15-09-2023_01:07:09
GET /api/contacts/1DEXoP8AuCGYc1YgoQ6h 15-09-2023_01:07:15
GET /api/contacts/1DEXoP8AuCGYc1YgoQ6h 15-09-2023_01:07:35
PUT /api/contacts/1DEXoP8AuCGYc1YgoQ6h 15-09-2023_01:07:46
GET /api/contacts 15-09-2023_01:07:54
GET /api/contacts/qdggE76Jtbfd9eWJHrssH 15-09-2023_01:08:06
GET /api/contacts/qdggE76Jtbfd9eWJHrss 15-09-2023_01:08:10
GET /api/contacts/qdggE76Jtbfd9eWJHrss 15-09-2023_01:09:51
GET /api/contacts/qdggE76Jtbfd9eWJHr 15-09-2023_01:09:56
GET /api/contacts/qdggE76Jtbfd9eWJHr 15-09-2023_01:10:34
GET /api/contacts/qdggE76Jtbfd9eWJHr 15-09-2023_01:15:49
GET /api/contacts/qdggE76Jtbfd9eWJHr 15-09-2023_01:15:55
GET /api/contacts/ 15-09-2023_01:16:03
GET /api/contacts/F8KvDTKbv3lxp2kwcAGJF 15-09-2023_01:16:14
GET /api/contacts/F8KvDTKbv3lxp2kwcAG 15-09-2023_01:16:19
PUT /api/contacts/F8KvDTKbv3lxp2kwcAG 15-09-2023_01:19:18
PUT /api/contacts/F8KvDTKbv3lxp2kwcAG 15-09-2023_01:23:19
GET /api/contacts/ 15-09-2023_01:23:29
PUT /api/contacts/rsKkOQUi80UsgVPCcLZZW 15-09-2023_01:24:06
PUT /api/contacts 15-09-2023_01:24:30
GET /api/contacts 15-09-2023_01:24:35
GET /api/contacts/Z5sbDlS7pCzNsnAHLtDJd 15-09-2023_01:25:09
PUT /api/contacts/Z5sbDlS7pCzNsnAHLtDJd 15-09-2023_01:25:23
PUT /api/contacts/Z5sbDlS7pCzNsnAHLtDJd 15-09-2023_01:26:41
PUT /api/contacts/Z5sbDlS7pCzNsnAHLtDJd 15-09-2023_01:27:48
GET /api/contacts/Z5sbDlS7pCzNsnAHLtDJd 15-09-2023_01:27:59
GET /api/contacts 15-09-2023_01:28:05
GET /api/contacts/ 15-09-2023_01:28:08
POST /api/contacts 15-09-2023_01:28:31
POST /api/contacts 15-09-2023_01:29:44
POST /api/contacts 15-09-2023_01:30:10
PUT /api/contacts 15-09-2023_01:30:45
PUT /api/contacts 15-09-2023_01:31:10
PUT /api/contacts 15-09-2023_01:32:43
PUT /api/contacts 15-09-2023_01:32:51
PUT /api/contacts 15-09-2023_01:33:08
PUT /api/contacts 15-09-2023_01:33:17
PUT /api/contacts 15-09-2023_01:35:06
GET /api/contacts 15-09-2023_01:35:26
GET /api/contacts/qdggE76Jtbfd9eWJHrssH 15-09-2023_01:35:37
GET /api/contacts/qdggE76Jtbfd9eWJHrss 15-09-2023_01:35:40
PUT /api/contacts/qdggE76Jtbfd9eWJHrss 15-09-2023_01:35:50
GET /api/contacts 15-09-2023_01:36:35
POST /api/contacts 15-09-2023_01:37:02
PUT /api/contacts 15-09-2023_01:37:15
GET /api/contacts 15-09-2023_01:37:21
PUT /api/contacts/qdggE76Jtbfd9eWJHrssH 15-09-2023_01:37:33
PUT /api/contacts/qdggE76Jtbfd9eWJHrssH 15-09-2023_01:37:49
PUT /api/contacts/qdggE76Jtbfd9eWJHrssH 15-09-2023_01:38:27
PUT /api/contacts/qdggE76Jtbfd9eWJHrssH 15-09-2023_01:38:32
PUT /api/contacts/qdggE76Jtbfd9eWJHrssH 15-09-2023_01:41:18
PUT /api/contacts/qdggE76Jtbfd9eWJHrssH 15-09-2023_01:42:33
PUT /api/contacts/qdggE76Jtbfd9eWJHrssH 15-09-2023_01:42:41
PUT /api/contacts/qdggE76Jtbfd9eWJHrssH 15-09-2023_01:45:57
PUT /api/contacts/qdggE76Jtbfd9eWJHrssH 15-09-2023_01:47:42
PUT /api/contacts/qdggE76Jtbfd9eWJHrssH 15-09-2023_01:49:31
PUT /api/contacts/qdggE76Jtbfd9eWJHrssH 15-09-2023_01:52:03
PUT /api/contacts/qdggE76Jtbfd9eWJHrssH 15-09-2023_01:52:26
PUT /api/contacts/qdggE76Jtbfd9eWJHrssH 15-09-2023_01:59:04
GET /api/contacts 15-09-2023_01:59:39
PUT /api/contacts/Z5sbDlS7pCzNsnAHLtDJd 15-09-2023_02:00:24
PUT /api/contacts/Z5sbDlS7pCzNsnAHLtDJd 15-09-2023_02:00:41
PUT /api/contacts/Z5sbDlS7pCzNsnAHLtDJd 15-09-2023_02:00:59
PUT /api/contacts/Z5sbDlS7pCzNsnAHLtDJd 15-09-2023_02:01:41
POST /api/contacts/Z5sbDlS7pCzNsnAHLtDJd 15-09-2023_02:04:20
POST /api/contacts/ 15-09-2023_02:04:28
POST /api/contacts/ 15-09-2023_02:04:43
POST /api/contacts/ 15-09-2023_02:05:22
POST /api/contacts/ 15-09-2023_02:05:32
POST /api/contacts/ 15-09-2023_02:05:49
POST /api/contacts/ 15-09-2023_02:06:02
POST /api/contacts/ 15-09-2023_02:09:04
GET /api/contacts/ 15-09-2023_02:09:11
GET /api/contacts/qdggE76Jtbfd9eWJHrssH 15-09-2023_02:09:21
GET /api/contacts/qdggE76Jtbfd9eWJHrss 15-09-2023_02:09:25
GET /api/contacts/qdggE76Jtbfd9eWJHrssH 15-09-2023_02:09:30
PUT /api/contacts/qdggE76Jtbfd9eWJHrssH 15-09-2023_02:09:52
PUT /api/contacts/qdggE76Jtbfd9eWJHrssH 15-09-2023_02:10:04
GET /api/contacts 15-09-2023_04:57:21
GET /api/contacts/user 15-09-2023_04:57:30
GET / 15-09-2023_04:58:09
GET /cat 15-09-2023_04:58:14
GET /api/contacts 15-09-2023_04:58:22
GET /api 15-09-2023_04:58:28
GET /api/contacts 15-09-2023_04:58:35
GET /api/contacts/user 15-09-2023_04:58:41
GET /api/contacts/ 15-09-2023_05:03:41
GET /api/contacts/rsKkOQUi80UsgVPCcLZZW 15-09-2023_05:03:53
DELETE /api/contacts/rsKkOQUi80UsgVPCcLZZW 15-09-2023_05:04:03
GET /api/contacts/rsKkOQUi80UsgVPCcLZZW 15-09-2023_05:04:09
GET /api/contacts/ 15-09-2023_05:04:16
PUT /api/contacts/1DEXoP8AuCGYc1YgoQ6hw 15-09-2023_05:04:48
PUT /api/contacts/1DEXoP8AuCGYc1YgoQ6hw 15-09-2023_05:04:57
PUT /api/contacts/1DEXoP8AuCGYc1YgoQ6hw 15-09-2023_05:05:14
POST /api/contacts/ 15-09-2023_05:05:38
GET /api/contacts/ 15-09-2023_05:05:44
GET / 21-09-2023_03:36:50
GET /api/contacts 24-09-2023_09:15:46
GET /api/contacts/650c9b23fb4353dd4365e4b3 24-09-2023_09:16:11
PATCH /api/contacts/650c9b23fb4353dd4365e4b3 24-09-2023_09:17:02
PUT /api/contacts/650c9b23fb4353dd4365e4b3 24-09-2023_09:17:11
DELETE /api/contacts/650c9b23fb4353dd4365e4b3 24-09-2023_09:18:37
GET /api/contacts/ 24-09-2023_09:18:46
PUT /api/contacts/650c9b23fb4353dd4365e4b2 24-09-2023_09:20:21
POST /api/contacts/ 24-09-2023_09:23:28
GET /api/contacts/ 24-09-2023_09:25:01
PUT /api/contacts/650c9b23fb4353dd4365e4b2 24-09-2023_09:25:43
PUT /api/contacts/650c9b23fb4353dd4365e4b2 24-09-2023_09:26:11
PUT /api/contacts/650c9b23fb4353dd4365e4b2 24-09-2023_09:26:13
PUT /api/contacts/650c9b23fb4353dd4365e4b2 24-09-2023_09:26:14
PUT /api/contacts/650c9b23fb4353dd4365e4b2 24-09-2023_09:28:48
PUT /api/contacts/650c9b23fb4353dd4365e4b2 24-09-2023_09:32:14
PUT /api/contacts/650c9b23fb4353dd4365e4b2 24-09-2023_09:33:20
PUT /api/contacts/650c9b23fb4353dd4365e4b2 24-09-2023_09:35:40
PUT /api/contacts/650c9b23fb4353dd4365e4b2 24-09-2023_09:38:54
PUT /api/contacts/650c9b23fb4353dd4365e4b2 24-09-2023_09:39:31
PUT /api/contacts/650c9b23fb4353dd4365e4b2 24-09-2023_09:44:23
PUT /api/contacts/650c9b23fb4353dd4365e4b2 24-09-2023_09:44:56
PUT /api/contacts/650c9b23fb4353dd4365e4b2 24-09-2023_09:45:07
PUT /api/contacts/650c9b23fb4353dd4365e4b2 24-09-2023_09:45:52
GET /api/contacts/ 24-09-2023_09:49:55
PUT /api/contacts/650c9b23fb4353dd4365e4b7 24-09-2023_09:52:59
PUT /api/contacts/650c9b23fb4353dd4365e4b7 24-09-2023_09:53:33
PUT /api/contacts/650c9b23fb4353dd4365e4b7 24-09-2023_09:54:18
GET /api/contacts/ 24-09-2023_10:04:19
PUT /api/contacts/650c9b23fb4353dd4365e4b2/false 24-09-2023_10:04:54
PUT /api/contacts/650c9b23fb4353dd4365e4b2/false 24-09-2023_10:06:55
PUT /api/contacts/650c9b23fb4353dd4365e4b2/false 24-09-2023_10:07:24
PUT /api/contacts/650c9b23fb4353dd4365e4b2/favorite 24-09-2023_10:08:26
GET /api/contacts/650c9b23fb4353dd4365e4b2 24-09-2023_10:08:52
PUT /api/contacts/650c9b23fb4353dd4365e4b2/favorite 24-09-2023_10:09:59
PUT /api/contacts/650c9b23fb4353dd4365e4b2/favorite 24-09-2023_10:10:24
PUT /api/contacts/650c9b23fb4353dd4365e4b2/false 24-09-2023_10:11:38
PATCH /api/contacts/650c9b23fb4353dd4365e4b2/favorite 24-09-2023_10:12:25
PATCH /api/contacts/650c9b23fb4353dd4365e4b2/favorite 24-09-2023_10:13:05
GET /api/contacts 24-09-2023_10:13:26
PATCH /api/contacts/650c9b23fb4353dd4365e4b5/favorite 24-09-2023_10:13:54
PATCH /api/contacts/650c9b23fb4353dd4365e4b5/favorite 24-09-2023_10:16:26
PATCH /api/contacts/650c9b23fb4353dd4365e4b5/favorite 24-09-2023_10:16:29
PATCH /api/contacts/650c9b23fb4353dd4365e4b5/favorite 24-09-2023_10:17:39
PATCH /api/contacts/650c9b23fb4353dd4365e4b5/favorite 24-09-2023_10:17:51
PATCH /api/contacts/650c9b23fb4353dd4365e4b5/favorite 24-09-2023_10:26:50
PATCH /api/contacts/650c9b23fb4353dd4365e4b5/favorite 24-09-2023_10:28:01
PATCH /api/contacts/650c9b23fb4353dd4365e4b5/favorite 24-09-2023_10:30:23
PATCH /api/contacts/650c9b23fb4353dd4365e4b5/favorite 24-09-2023_10:31:08
PATCH /api/contacts/650c9b23fb4353dd4365e4b5/favorite 24-09-2023_10:51:21
PATCH /api/contacts/650c9b23fb4353dd4365e4b5/favorite 24-09-2023_10:53:11
PATCH /api/contacts/650c9b23fb4353dd4365e4b5/favorite 24-09-2023_10:53:16
PATCH /api/contacts/650c9b23fb4353dd4365e4b5/favorite 25-09-2023_04:44:40
PATCH /api/contacts/650c9b23fb4353dd4365e4b5/favorite 25-09-2023_04:44:47
PATCH /api/contacts/650c9b23fb4353dd4365e4b5/favorite 25-09-2023_04:44:55
PATCH /api/contacts/650c9b23fb4353dd4365e4b5/favorite 25-09-2023_04:45:05
PATCH /api/contacts/650c9b23fb4353dd4365e4b/favorite 25-09-2023_04:52:41
PATCH /api/contacts/650c9b23fb4353dd4365e4b/favorite 25-09-2023_04:57:04
PATCH /api/contacts/650c9b23fb4353dd4365e4b5/favorite 25-09-2023_04:57:27
PATCH /api/contacts/650c9b23fb4353dd4365e4b5/favorite 25-09-2023_04:59:33
PATCH /api/contacts/650c9b23fb4353dd4365e4b5/favorite 25-09-2023_05:00:46
PATCH /api/contacts/650c9b23fb4353dd4365e4b5/favorite 25-09-2023_05:01:48
PATCH /api/contacts/650c9b23fb4353dd4365e4b5/favorite 25-09-2023_05:02:02
PATCH /api/contacts/650c9b23fb4353dd4365e4b5/favorite 25-09-2023_05:02:31
PATCH /api/contacts/650c9b23fb4353dd4365e4b5/favorite 25-09-2023_05:02:40
PATCH /api/contacts/650c9b23fb4353dd4365e4b5/favorite 25-09-2023_05:02:53
PATCH /api/contacts/650c9b23fb4353dd4365e4b5/favorite 25-09-2023_05:03:01
PATCH /api/contacts/650c9b23fb4353dd4365e4b5/favorite 25-09-2023_05:03:32
PATCH /api/contacts/650c9b23fb4353dd4365e4b5/favorite 25-09-2023_05:03:54
PATCH /api/contacts/650c9b23fb4353dd4365e4b5/favorite 25-09-2023_05:04:06
PATCH /api/contacts/650c9b23fb4353dd4365e4b5/favorite 25-09-2023_05:04:32
PATCH /api/contacts/650c9b23fb4353dd4365e4b5/favorite 25-09-2023_05:05:29
PATCH /api/contacts/650c9b23fb4353dd4365e4b5/favorite 25-09-2023_05:07:21
PATCH /api/contacts/650c9b23fb4353dd4365e4b5/favorite 25-09-2023_05:07:25
PATCH /api/contacts/650c9b23fb4353dd4365e4b5/favorite 25-09-2023_05:07:43
PATCH /api/contacts/650c9b23fb4353dd4365e4b5/favorite 25-09-2023_05:09:00
PATCH /api/contacts/650c9b23fb4353dd4365e4b5/favorite 25-09-2023_05:12:39
PATCH /api/contacts/650c9b23fb4353dd4365e4b5/favorite 25-09-2023_05:12:52
PATCH /api/contacts/650c9b23fb4353dd4365e4b5/favorite 25-09-2023_05:13:06
PATCH /api/contacts/650c9b23fb4353dd4365e4b5/favorite 25-09-2023_05:13:16
PATCH /api/contacts/650c9b23fb4353dd4365e4b5/favorite 25-09-2023_05:13:42
PATCH /api/contacts/650c9b23fb4353dd4365e4b5/favorite 25-09-2023_05:22:47
PATCH /api/contacts/650c9b23fb4353dd4365e4b5/favorite 25-09-2023_05:22:54
PATCH /api/contacts/650c9b23fb4353dd4365e4b5/favorite 25-09-2023_05:23:01
PATCH /api/contacts/650c9b23fb4353dd4365e4b5/favorite 25-09-2023_05:23:09
PATCH /api/contacts/650c9b23fb4353dd4365e4b5/favorite 25-09-2023_05:23:25
PATCH /api/contacts/650c9b23fb4353dd4365e4b5/favorite 25-09-2023_05:23:33
PATCH /api/contacts/650c9b23fb4353dd4365e4b5/favorite 25-09-2023_05:24:08
PATCH /api/contacts/650c9b23fb4353dd4365e4b5/favorite 25-09-2023_05:24:24
PATCH /api/contacts/650c9b23fb4353dd4365e4b5/favorite 25-09-2023_05:25:00
PATCH /api/contacts/650c9b23fb4353dd4365e4b5/favorite 25-09-2023_05:25:21
PATCH /api/contacts/650c9b23fb4353dd4365e4b5/favorite 25-09-2023_05:29:23
PATCH /api/contacts/650c9b23fb4353dd4365e4b5/favorite 25-09-2023_05:45:59
PATCH /api/contacts/650c9b23fb4353dd4365e4b5/favorite 25-09-2023_05:46:33
PATCH /api/contacts/650c9b23fb4353dd4365e4b5/favorite 25-09-2023_05:46:45
PATCH /api/contacts/650c9b23fb4353dd4365e4b5/favorite 25-09-2023_05:46:56
PATCH /api/contacts/650c9b23fb4353dd4365e4b5/favorite 25-09-2023_05:51:34
PATCH /api/contacts/650c9b23fb4353dd4365e4b5/favorite 25-09-2023_05:52:38
PATCH /api/contacts/650c9b23fb4353dd4365e4b5/favorite 25-09-2023_05:52:44
PATCH /api/contacts/650c9b23fb4353dd4365e4b5/favorite 25-09-2023_05:53:45
PATCH /api/contacts/650c9b23fb4353dd4365e4b5/favorite 25-09-2023_05:53:59
PATCH /api/contacts/650c9b23fb4353dd4365e4b5/favorite 25-09-2023_06:28:48
PATCH /api/contacts/650c9b23fb4353dd4365e4b5/favorite 25-09-2023_06:29:21
PATCH /api/contacts/650c9b23fb4353dd4365e4b5/favorite 25-09-2023_06:30:58
PATCH /api/contacts/650c9b23fb4353dd4365e4b5/favorite 25-09-2023_06:32:02
PATCH /api/contacts/650c9b23fb4353dd4365e4b5/favorite 25-09-2023_06:32:19
PATCH /api/contacts/650c9b23fb4353dd4365e4b5/favorite 25-09-2023_06:32:26
PATCH /api/contacts/650c9b23fb4353dd4365e4b5/favorite 25-09-2023_06:32:46
PATCH /api/contacts/650c9b23fb4353dd4365e4b5/favorite 25-09-2023_06:33:40
PATCH /api/contacts/650c9b23fb4353dd4365e4b5/favorite 25-09-2023_06:33:49
PATCH /api/contacts/650c9b23fb4353dd4365e4b5/favorite 25-09-2023_06:33:53
PATCH /api/contacts/650c9b23fb4353dd4365e4b5/favorite 25-09-2023_06:36:13
PATCH /api/contacts/650c9b23fb4353dd4365e4b5/favorite 25-09-2023_06:36:40
PATCH /api/contacts/650c9b23fb4353dd4365e4b5/favorite 25-09-2023_06:37:01
PATCH /api/contacts/650c9b23fb4353dd4365e4b5/favorite 25-09-2023_06:39:17
PATCH /api/contacts/650c9b23fb4353dd4365e4b5/favorite 25-09-2023_06:39:36
PATCH /api/contacts/650c9b23fb4353dd4365e4b5/favorite 25-09-2023_06:40:50
PATCH /api/contacts/650c9b23fb4353dd4365e4b5/favorite 25-09-2023_06:40:59
PATCH /api/contacts/650c9b23fb4353dd4365e4b5/favorite 25-09-2023_06:43:53
GET /api/contacts/ 25-09-2023_06:44:14
PUT /api/contacts/650c9b23fb4353dd4365e4b2 25-09-2023_06:44:31
PUT /api/contacts/650c9b23fb4353dd4365e4b2 25-09-2023_07:00:12
PUT /api/contacts/650c9b23fb4353dd4365e4b2/favorite 25-09-2023_07:00:29
PATCH /api/contacts/650c9b23fb4353dd4365e4b2/favorite 25-09-2023_07:00:38
PATCH /api/contacts/650c9b23fb4353dd4365e4b2/favorite 25-09-2023_07:05:15
PATCH /api/contacts/650c9b23fb4353dd4365e4b2/favorite 25-09-2023_07:11:33
PUT /api/contacts/650c9b23fb4353dd4365e4b2 25-09-2023_07:11:41
PUT /api/contacts/650c9b23fb4353dd4365e4b2 25-09-2023_07:12:05
PUT /api/contacts/650c9b23fb4353dd4365e4b2 25-09-2023_07:12:34
PUT /api/contacts/650c9b23fb4353dd4365e4b2 25-09-2023_07:12:58
PUT /api/contacts/650c9b23fb4353dd4365e4b2 25-09-2023_07:19:36
PUT /api/contacts/650c9b23fb4353dd4365e4b2 25-09-2023_07:19:52
PUT /api/contacts/650c9b23fb4353dd4365e4b2 25-09-2023_07:20:23
PUT /api/contacts/650c9b23fb4353dd4365e4b2 25-09-2023_07:20:39
PUT /api/contacts/650c9b23fb4353dd4365e4b2 25-09-2023_07:22:00
PUT /api/contacts/650c9b23fb4353dd4365e4b2/favorites 25-09-2023_07:22:09
PUT /api/contacts/650c9b23fb4353dd4365e4b2/favorite 25-09-2023_07:22:13
PUT /api/contacts/650c9b23fb4353dd4365e4b2/favorite 25-09-2023_07:22:34
PATCH /api/contacts/650c9b23fb4353dd4365e4b2/favorite 25-09-2023_07:22:48
PATCH /api/contacts/650c9b23fb4353dd4365e4b21/favorite 25-09-2023_07:22:53
PATCH /api/contacts/650c9b23fb4353dd4365e4b2/favorite 25-09-2023_07:22:59
PATCH /api/contacts/650c9b23fb4353dd4365e4b2/favorite 25-09-2023_07:25:22
PATCH /api/contacts/650c9b23fb4353dd4365e4b2/favorite 25-09-2023_07:25:27
PUT /api/contacts/650c9b23fb4353dd4365e4b2 25-09-2023_07:25:35
PUT /api/contacts/650c9b23fb4353dd4365e4b2 25-09-2023_07:25:44
PUT /api/contacts/650c9b23fb4353dd4365e4b2 25-09-2023_07:26:26
PUT /api/contacts/650c9b23fb4353dd4365e4b2 25-09-2023_07:27:40
PUT /api/contacts/650c9b23fb4353dd4365e4b2 25-09-2023_07:28:10
PUT /api/contacts/650c9b23fb4353dd4365e4b2 25-09-2023_07:29:11
PUT /api/contacts/650c9b23fb4353dd4365e4b2 25-09-2023_07:29:17
PUT /api/contacts/650c9b23fb4353dd4365e4b2 25-09-2023_07:30:17
PUT /api/contacts/650c9b23fb4353dd4365e4b2 25-09-2023_07:30:22
PUT /api/contacts/650c9b23fb4353dd4365e4b2 25-09-2023_07:30:46
PUT /api/contacts/650c9b23fb4353dd4365e4b2 25-09-2023_07:30:57
PUT /api/contacts/650c9b23fb4353dd4365e4b2 25-09-2023_07:31:05
PUT /api/contacts/650c9b23fb4353dd4365e4b2/favorite 25-09-2023_07:31:15
PATCH /api/contacts/650c9b23fb4353dd4365e4b2/favorite 25-09-2023_07:31:20
PATCH /api/contacts/650c9b23fb4353dd4365e4b2/favorite 25-09-2023_07:31:30
PATCH /api/contacts/650c9b23fb4353dd4365e4b2/favorite 25-09-2023_07:31:39
GET /api/contacts/650c9b23fb4353dd4365e4b 25-09-2023_09:58:06
GET /api/contacts/650c9b23fb4353dd4365e4b 25-09-2023_10:01:06
GET /api/contacts/650c9b23fb4353dd4365e4b 25-09-2023_10:02:38
GET /api/contacts/650c9b23fb4353dd4365e4b 25-09-2023_10:03:20
GET /api/contacts/ 25-09-2023_10:08:24
GET /api/contacts/650c9b23fb4353dd4365e4b5 25-09-2023_10:08:35
PUT /api/contacts/650c9b23fb4353dd4365e4b5 25-09-2023_10:09:05
PUT /api/contacts/650c9b23fb4353dd4365e4b5 25-09-2023_10:12:04
PUT /api/contacts/650c9b23fb4353dd4365e4b5 25-09-2023_10:12:14
PUT /api/contacts/650c9b23fb4353dd4365e4b5 25-09-2023_10:18:44
PATCH /api/contacts/650c9b23fb4353dd4365e4b5/favorite 25-09-2023_10:19:11
POST /api/contacts/ 25-09-2023_10:20:18
DELETE /api/contacts/6511dd72ca7c64f350b3745c 25-09-2023_10:20:39
GET /api/contacts/ 25-09-2023_10:20:46
PATCH /api/contacts/650c9b23fb4353dd4365e4b2/favorite 25-09-2023_10:23:23
PATCH /api/contacts/650c9b23fb4353dd4365e4b2/favorite 25-09-2023_10:24:09
PATCH /api/contacts/650c9b23fb4353dd4365e4b2/favorite 25-09-2023_10:27:29